<?xml version="1.0" encoding="UTF-8"?>
<!-- Generated by org.testng.reporters.JUnitReportReporter -->
<testsuite skipped="0" hostname="Navdeep-pc" name="testCases.testCase0001" tests="1" failures="0" timestamp="23 Jun 2021 03:59:29 GMT" time="28.677" errors="0">
  <testcase name="verifyLogin" time="28.677" classname="testCases.testCase0001"/>
</testsuite> <!-- testCases.testCase0001 -->
