<?xml version="1.0" encoding="UTF-8"?>
<!-- Generated by org.testng.reporters.JUnitReportReporter -->
<testsuite skipped="0" hostname="Navdeep-pc" name="testCases.addAddressTest" tests="1" failures="0" timestamp="25 Jun 2021 04:44:45 GMT" time="24.718" errors="0">
  <testcase name="verifyAddAddress" time="24.718" classname="testCases.addAddressTest"/>
</testsuite> <!-- testCases.addAddressTest -->
