<?xml version="1.0" encoding="UTF-8"?>
<!-- Generated by org.testng.reporters.JUnitReportReporter -->
<testsuite skipped="0" hostname="Navdeep-pc" name="testCases.addToCartTest" tests="1" failures="0" timestamp="24 Jun 2021 07:08:39 GMT" time="40.451" errors="0">
  <testcase name="verifyAddToCart" time="40.451" classname="testCases.addToCartTest"/>
</testsuite> <!-- testCases.addToCartTest -->
