<?xml version="1.0" encoding="UTF-8"?>
<!-- Generated by org.testng.reporters.JUnitReportReporter -->
<testsuite skipped="0" hostname="Navdeep-pc" name="testCases.VerifyImageTest" tests="1" failures="0" timestamp="25 Jun 2021 06:03:39 GMT" time="0.231" errors="0">
  <testcase name="verifyImage" time="0.231" classname="testCases.VerifyImageTest"/>
</testsuite> <!-- testCases.VerifyImageTest -->
