<?xml version="1.0" encoding="UTF-8"?>
<!-- Generated by org.testng.reporters.JUnitReportReporter -->
<testsuite skipped="0" hostname="Navdeep-pc" name="testCases.SignInTest" tests="1" failures="0" timestamp="26 Jun 2021 00:37:03 GMT" time="14.196" errors="0">
  <testcase name="verifyLogin" time="14.196" classname="testCases.SignInTest"/>
</testsuite> <!-- testCases.SignInTest -->
